[NX Daemon Server] - 2024-05-01T17:00:33.333Z - Started listening on: /var/folders/kt/1672cydd62q8w69d6wcflcr40000gn/T/a20cb883438884602ab9/d.sock
[NX Daemon Server] - 2024-05-01T17:00:33.336Z - [WATCHER]: Subscribed to changes within: /Users/kristymaealmuete/WebstormProjects/ngx-basic-social-grid (native)
[NX Daemon Server] - 2024-05-01T17:00:33.337Z - Established a connection. Number of open connections: 1
[NX Daemon Server] - 2024-05-01T17:00:33.338Z - Established a connection. Number of open connections: 2
[NX Daemon Server] - 2024-05-01T17:00:33.339Z - Closed a connection. Number of open connections: 1
[NX Daemon Server] - 2024-05-01T17:00:33.339Z - [REQUEST]: Client Request for Project Graph Received
[NX Daemon Server] - 2024-05-01T17:00:33.354Z - [REQUEST]: Updated workspace context based on watched changes, recomputing project graph...
[NX Daemon Server] - 2024-05-01T17:00:33.355Z - [REQUEST]: 
[NX Daemon Server] - 2024-05-01T17:00:33.355Z - [REQUEST]: 
[NX Daemon Server] - 2024-05-01T17:00:33.398Z - [REQUEST]: Responding to the client. project-graph
[NX Daemon Server] - 2024-05-01T17:00:33.398Z - Time taken for 'total for creating and serializing project graph' 58.53262500000005ms
[NX Daemon Server] - 2024-05-01T17:00:33.403Z - Done responding to the client project-graph
[NX Daemon Server] - 2024-05-01T17:00:33.403Z - Handled REQUEST_PROJECT_GRAPH. Handling time: 59. Response time: 5.
[NX Daemon Server] - 2024-05-01T17:00:33.405Z - [REQUEST]: Client Request for Project Graph Received
[NX Daemon Server] - 2024-05-01T17:00:33.405Z - [REQUEST]: Responding to the client. project-graph
[NX Daemon Server] - 2024-05-01T17:00:33.406Z - Time taken for 'total for creating and serializing project graph' 0.5451669999999922ms
[NX Daemon Server] - 2024-05-01T17:00:33.406Z - Done responding to the client project-graph
[NX Daemon Server] - 2024-05-01T17:00:33.406Z - Handled REQUEST_PROJECT_GRAPH. Handling time: 0. Response time: 1.
[NX Daemon Server] - 2024-05-01T17:00:33.408Z - Established a connection. Number of open connections: 2
[NX Daemon Server] - 2024-05-01T17:00:48.569Z - [WATCHER]: Processing file changes in outputs
